D:\CODE\WORK\SOFTWARE\WXLSTLSTUDIO\STLSTUDIO\RELEASE\CAMERA.OBJ
D:\code\work\software\wxlstlstudio\stlstudio\Release\cl.command.1.tlog
D:\code\work\software\wxlstlstudio\stlstudio\Release\CL.read.1.tlog
D:\code\work\software\wxlstlstudio\stlstudio\Release\CL.write.1.tlog
D:\CODE\WORK\SOFTWARE\WXLSTLSTUDIO\STLSTUDIO\RELEASE\DLGMOVEOBJECT.OBJ
D:\CODE\WORK\SOFTWARE\WXLSTLSTUDIO\STLSTUDIO\RELEASE\DLGROTATEOBJECT.OBJ
D:\CODE\WORK\SOFTWARE\WXLSTLSTUDIO\STLSTUDIO\RELEASE\DLGSCALEOBJECT.OBJ
D:\CODE\WORK\SOFTWARE\WXLSTLSTUDIO\STLSTUDIO\RELEASE\ENTITY.OBJ
D:\CODE\WORK\SOFTWARE\WXLSTLSTUDIO\STLSTUDIO\RELEASE\GLVIEW.OBJ
D:\code\work\software\wxlstlstudio\stlstudio\Release\link.command.1.tlog
D:\code\work\software\wxlstlstudio\stlstudio\Release\link.read.1.tlog
D:\code\work\software\wxlstlstudio\stlstudio\Release\link.write.1.tlog
D:\code\work\software\wxlstlstudio\stlstudio\Release\link-cvtres.read.1.tlog
D:\code\work\software\wxlstlstudio\stlstudio\Release\link-cvtres.write.1.tlog
D:\CODE\WORK\SOFTWARE\WXLSTLSTUDIO\STLSTUDIO\RELEASE\MAINFRM.OBJ
D:\code\work\software\wxlstlstudio\stlstudio\Release\mt.command.1.tlog
D:\code\work\software\wxlstlstudio\stlstudio\Release\mt.read.1.tlog
D:\code\work\software\wxlstlstudio\stlstudio\Release\mt.write.1.tlog
D:\CODE\WORK\SOFTWARE\WXLSTLSTUDIO\STLSTUDIO\RELEASE\OPENGLDC.OBJ
D:\CODE\WORK\SOFTWARE\WXLSTLSTUDIO\STLSTUDIO\RELEASE\PUBLIC.OBJ
D:\code\work\software\wxlstlstudio\stlstudio\Release\rc.command.1.tlog
D:\code\work\software\wxlstlstudio\stlstudio\Release\rc.read.1.tlog
D:\code\work\software\wxlstlstudio\stlstudio\Release\rc.write.1.tlog
D:\CODE\WORK\SOFTWARE\WXLSTLSTUDIO\STLSTUDIO\RELEASE\STDAFX.OBJ
D:\CODE\WORK\SOFTWARE\WXLSTLSTUDIO\STLSTUDIO\RELEASE\STLSTUDIO.EXE
D:\CODE\WORK\SOFTWARE\WXLSTLSTUDIO\STLSTUDIO\RELEASE\STLSTUDIO.EXE.INTERMEDIATE.MANIFEST
D:\CODE\WORK\SOFTWARE\WXLSTLSTUDIO\STLSTUDIO\RELEASE\STLSTUDIO.OBJ
D:\CODE\WORK\SOFTWARE\WXLSTLSTUDIO\STLSTUDIO\RELEASE\STLSTUDIO.PCH
D:\CODE\WORK\SOFTWARE\WXLSTLSTUDIO\STLSTUDIO\RELEASE\STLSTUDIO.PDB
D:\CODE\WORK\SOFTWARE\WXLSTLSTUDIO\STLSTUDIO\RELEASE\STLSTUDIO.RES
D:\code\work\software\wxlstlstudio\stlstudio\Release\stlstudio.write.1.tlog
D:\CODE\WORK\SOFTWARE\WXLSTLSTUDIO\STLSTUDIO\RELEASE\STLSTUDIODOC.OBJ
D:\CODE\WORK\SOFTWARE\WXLSTLSTUDIO\STLSTUDIO\RELEASE\STLSTUDIOVIEW.OBJ
D:\CODE\WORK\SOFTWARE\WXLSTLSTUDIO\STLSTUDIO\RELEASE\TEST.OBJ
D:\CODE\WORK\SOFTWARE\WXLSTLSTUDIO\STLSTUDIO\RELEASE\VC100.PDB
