.\Debug\GeomCalc.bsc
.\Debug\GeomCalc.pdb
D:\CODE\WORK\SOFTWARE\WXLSTLSTUDIO\BIN\DBG\GEOMCALC.DLL
D:\CODE\WORK\SOFTWARE\WXLSTLSTUDIO\BIN\DBG\GEOMCALC.ILK
D:\code\work\software\wxlstlstudio\geomcalc\.\Debug\GeomCalc.dll.intermediate.manifest
D:\code\work\software\wxlstlstudio\geomcalc\Debug\BscMake.command.1.tlog
D:\code\work\software\wxlstlstudio\geomcalc\Debug\bscmake.read.1.tlog
D:\code\work\software\wxlstlstudio\geomcalc\Debug\bscmake.write.1.tlog
D:\CODE\WORK\SOFTWARE\WXLSTLSTUDIO\GEOMCALC\DEBUG\CADBASE.OBJ
D:\CODE\WORK\SOFTWARE\WXLSTLSTUDIO\GEOMCALC\DEBUG\CADBASE.SBR
D:\CODE\WORK\SOFTWARE\WXLSTLSTUDIO\GEOMCALC\DEBUG\CADBASE1.OBJ
D:\CODE\WORK\SOFTWARE\WXLSTLSTUDIO\GEOMCALC\DEBUG\CADBASE1.SBR
D:\code\work\software\wxlstlstudio\geomcalc\Debug\cl.command.1.tlog
D:\code\work\software\wxlstlstudio\geomcalc\Debug\CL.read.1.tlog
D:\code\work\software\wxlstlstudio\geomcalc\Debug\CL.write.1.tlog
D:\CODE\WORK\SOFTWARE\WXLSTLSTUDIO\GEOMCALC\DEBUG\GEOMCALC.BSC
D:\CODE\WORK\SOFTWARE\WXLSTLSTUDIO\GEOMCALC\DEBUG\GEOMCALC.DLL.EMBED.MANIFEST
D:\CODE\WORK\SOFTWARE\WXLSTLSTUDIO\GEOMCALC\DEBUG\GEOMCALC.DLL.EMBED.MANIFEST.RES
D:\CODE\WORK\SOFTWARE\WXLSTLSTUDIO\GEOMCALC\DEBUG\GEOMCALC.DLL.INTERMEDIATE.MANIFEST
D:\CODE\WORK\SOFTWARE\WXLSTLSTUDIO\GEOMCALC\DEBUG\GEOMCALC.OBJ
D:\CODE\WORK\SOFTWARE\WXLSTLSTUDIO\GEOMCALC\DEBUG\GEOMCALC.PCH
D:\CODE\WORK\SOFTWARE\WXLSTLSTUDIO\GEOMCALC\DEBUG\GEOMCALC.PDB
D:\CODE\WORK\SOFTWARE\WXLSTLSTUDIO\GEOMCALC\DEBUG\GEOMCALC.RES
D:\CODE\WORK\SOFTWARE\WXLSTLSTUDIO\GEOMCALC\DEBUG\GEOMCALC.SBR
D:\code\work\software\wxlstlstudio\geomcalc\Debug\GeomCalc.write.1.tlog
D:\code\work\software\wxlstlstudio\geomcalc\Debug\GeomCalc_manifest.rc
D:\code\work\software\wxlstlstudio\geomcalc\Debug\link.532.read.1.tlog
D:\code\work\software\wxlstlstudio\geomcalc\Debug\link.532.write.1.tlog
D:\code\work\software\wxlstlstudio\geomcalc\Debug\link.532-cvtres.read.1.tlog
D:\code\work\software\wxlstlstudio\geomcalc\Debug\link.532-cvtres.write.1.tlog
D:\code\work\software\wxlstlstudio\geomcalc\Debug\link.command.1.tlog
D:\code\work\software\wxlstlstudio\geomcalc\Debug\link.read.1.tlog
D:\code\work\software\wxlstlstudio\geomcalc\Debug\link.write.1.tlog
D:\code\work\software\wxlstlstudio\geomcalc\Debug\link-cvtres.read.1.tlog
D:\code\work\software\wxlstlstudio\geomcalc\Debug\link-cvtres.write.1.tlog
D:\code\work\software\wxlstlstudio\geomcalc\Debug\mt.command.1.tlog
D:\code\work\software\wxlstlstudio\geomcalc\Debug\mt.read.1.tlog
D:\code\work\software\wxlstlstudio\geomcalc\Debug\mt.write.1.tlog
D:\code\work\software\wxlstlstudio\geomcalc\Debug\rc.command.1.tlog
D:\code\work\software\wxlstlstudio\geomcalc\Debug\rc.read.1.tlog
D:\code\work\software\wxlstlstudio\geomcalc\Debug\rc.write.1.tlog
D:\CODE\WORK\SOFTWARE\WXLSTLSTUDIO\GEOMCALC\DEBUG\STDAFX.OBJ
D:\CODE\WORK\SOFTWARE\WXLSTLSTUDIO\GEOMCALC\DEBUG\STDAFX.SBR
D:\code\work\software\wxlstlstudio\geomcalc\Debug\vc100.idb
D:\CODE\WORK\SOFTWARE\WXLSTLSTUDIO\GEOMCALC\DEBUG\VC100.PDB
D:\code\work\software\wxlstlstudio\lib\dbg\GeomCalc.exp
D:\code\work\software\wxlstlstudio\lib\dbg\GeomCalc.lib
