D:\CODE\WORK\SOFTWARE\WXLSTLSTUDIO\STLSTUDIO\DEBUG\CAMERA.OBJ
D:\code\work\software\wxlstlstudio\stlstudio\Debug\cl.command.1.tlog
D:\code\work\software\wxlstlstudio\stlstudio\Debug\CL.read.1.tlog
D:\code\work\software\wxlstlstudio\stlstudio\Debug\CL.write.1.tlog
D:\CODE\WORK\SOFTWARE\WXLSTLSTUDIO\STLSTUDIO\DEBUG\DLGMOVEOBJECT.OBJ
D:\CODE\WORK\SOFTWARE\WXLSTLSTUDIO\STLSTUDIO\DEBUG\DLGROTATEOBJECT.OBJ
D:\CODE\WORK\SOFTWARE\WXLSTLSTUDIO\STLSTUDIO\DEBUG\DLGSCALEOBJECT.OBJ
D:\CODE\WORK\SOFTWARE\WXLSTLSTUDIO\STLSTUDIO\DEBUG\ENTITY.OBJ
D:\CODE\WORK\SOFTWARE\WXLSTLSTUDIO\STLSTUDIO\DEBUG\GLVIEW.OBJ
D:\code\work\software\wxlstlstudio\stlstudio\Debug\link.6852.read.1.tlog
D:\code\work\software\wxlstlstudio\stlstudio\Debug\link.6852.write.1.tlog
D:\code\work\software\wxlstlstudio\stlstudio\Debug\link.6852-cvtres.read.1.tlog
D:\code\work\software\wxlstlstudio\stlstudio\Debug\link.6852-cvtres.write.1.tlog
D:\code\work\software\wxlstlstudio\stlstudio\Debug\link.command.1.tlog
D:\code\work\software\wxlstlstudio\stlstudio\Debug\link.read.1.tlog
D:\code\work\software\wxlstlstudio\stlstudio\Debug\link.write.1.tlog
D:\code\work\software\wxlstlstudio\stlstudio\Debug\link-cvtres.read.1.tlog
D:\code\work\software\wxlstlstudio\stlstudio\Debug\link-cvtres.write.1.tlog
D:\CODE\WORK\SOFTWARE\WXLSTLSTUDIO\STLSTUDIO\DEBUG\MAINFRM.OBJ
D:\code\work\software\wxlstlstudio\stlstudio\Debug\mt.command.1.tlog
D:\code\work\software\wxlstlstudio\stlstudio\Debug\mt.read.1.tlog
D:\code\work\software\wxlstlstudio\stlstudio\Debug\mt.write.1.tlog
D:\CODE\WORK\SOFTWARE\WXLSTLSTUDIO\STLSTUDIO\DEBUG\OPENGLDC.OBJ
D:\CODE\WORK\SOFTWARE\WXLSTLSTUDIO\STLSTUDIO\DEBUG\PUBLIC.OBJ
D:\code\work\software\wxlstlstudio\stlstudio\Debug\rc.command.1.tlog
D:\code\work\software\wxlstlstudio\stlstudio\Debug\rc.read.1.tlog
D:\code\work\software\wxlstlstudio\stlstudio\Debug\rc.write.1.tlog
D:\CODE\WORK\SOFTWARE\WXLSTLSTUDIO\STLSTUDIO\DEBUG\STDAFX.OBJ
D:\CODE\WORK\SOFTWARE\WXLSTLSTUDIO\STLSTUDIO\DEBUG\STLSTUDIO.EXE
D:\CODE\WORK\SOFTWARE\WXLSTLSTUDIO\STLSTUDIO\DEBUG\STLSTUDIO.EXE.EMBED.MANIFEST
D:\CODE\WORK\SOFTWARE\WXLSTLSTUDIO\STLSTUDIO\DEBUG\STLSTUDIO.EXE.EMBED.MANIFEST.RES
D:\CODE\WORK\SOFTWARE\WXLSTLSTUDIO\STLSTUDIO\DEBUG\STLSTUDIO.EXE.INTERMEDIATE.MANIFEST
D:\CODE\WORK\SOFTWARE\WXLSTLSTUDIO\STLSTUDIO\DEBUG\STLSTUDIO.ILK
D:\CODE\WORK\SOFTWARE\WXLSTLSTUDIO\STLSTUDIO\DEBUG\STLSTUDIO.OBJ
D:\CODE\WORK\SOFTWARE\WXLSTLSTUDIO\STLSTUDIO\DEBUG\STLSTUDIO.PCH
D:\CODE\WORK\SOFTWARE\WXLSTLSTUDIO\STLSTUDIO\DEBUG\STLSTUDIO.PDB
D:\CODE\WORK\SOFTWARE\WXLSTLSTUDIO\STLSTUDIO\DEBUG\STLSTUDIO.RES
D:\code\work\software\wxlstlstudio\stlstudio\Debug\stlstudio.vcxprojResolveAssemblyReference.cache
D:\code\work\software\wxlstlstudio\stlstudio\Debug\stlstudio.write.1.tlog
D:\code\work\software\wxlstlstudio\stlstudio\Debug\stlstudio_manifest.rc
D:\CODE\WORK\SOFTWARE\WXLSTLSTUDIO\STLSTUDIO\DEBUG\STLSTUDIODOC.OBJ
D:\CODE\WORK\SOFTWARE\WXLSTLSTUDIO\STLSTUDIO\DEBUG\STLSTUDIOVIEW.OBJ
D:\CODE\WORK\SOFTWARE\WXLSTLSTUDIO\STLSTUDIO\DEBUG\TEST.OBJ
D:\code\work\software\wxlstlstudio\stlstudio\Debug\vc100.idb
D:\CODE\WORK\SOFTWARE\WXLSTLSTUDIO\STLSTUDIO\DEBUG\VC100.PDB
